#
# There is insufficient memory for the Java Runtime Environment to continue.
# Native memory allocation (mmap) failed to map 132120576 bytes. Error detail: G1 virtual space
# Possible reasons:
#   The system is out of physical RAM or swap space
#   This process is running with CompressedOops enabled, and the Java Heap may be blocking the growth of the native heap
# Possible solutions:
#   Reduce memory load on the system
#   Increase physical memory or swap space
#   Check if swap backing store is full
#   Decrease Java heap size (-Xmx/-Xms)
#   Decrease number of Java threads
#   Decrease Java thread stack sizes (-Xss)
#   Set larger code cache with -XX:ReservedCodeCacheSize=
#   JVM is running with Unscaled Compressed Oops mode in which the Java heap is
#     placed in the first 4GB address space. The Java Heap base address is the
#     maximum limit for the native heap growth. Please use -XX:HeapBaseMinAddress
#     to set the Java Heap base and to place the Java Heap above 4GB virtual address.
# This output file may be truncated or incomplete.
#
#  Out of Memory Error (os_windows.cpp:3564), pid=14684, tid=12608
#
# JRE version:  (24.0.1+9) (build )
# Java VM: OpenJDK 64-Bit Server VM (24.0.1+9, mixed mode, sharing, tiered, compressed oops, compressed class ptrs, g1 gc, windows-amd64)
# No core dump will be written. Minidumps are not enabled by default on client versions of Windows
#

---------------  S U M M A R Y ------------

Command Line: -Dfile.encoding=UTF-8 --module-path=C:\Users\hi\Documents\NetBeansProjects\airlinemanagementsystem\build\classes airlinemanagementsystem.BookFlight

Host: 11th Gen Intel(R) Core(TM) i5-1135G7 @ 2.40GHz, 8 cores, 7G,  Windows 10 , 64 bit Build 19041 (10.0.19041.3636)
Time: Tue Jun 24 19:58:46 2025 India Standard Time elapsed time: 0.020790 seconds (0d 0h 0m 0s)

---------------  T H R E A D  ---------------

Current thread (0x000001f5a5844aa0):  JavaThread "Unknown thread" [_thread_in_vm, id=12608, stack(0x000000df6ff00000,0x000000df70000000) (1024K)]

Stack: [0x000000df6ff00000,0x000000df70000000]
Native frames: (J=compiled Java code, j=interpreted, Vv=VM code, C=native code)
V  [jvm.dll+0x7410c9]  (no source info available)
V  [jvm.dll+0x97def3]  (no source info available)
V  [jvm.dll+0x98021d]  (no source info available)
V  [jvm.dll+0x980893]  (no source info available)
V  [jvm.dll+0x2b5b16]  (no source info available)
V  [jvm.dll+0x73d535]  (no source info available)
V  [jvm.dll+0x730d0a]  (no source info available)
V  [jvm.dll+0x39ea4a]  (no source info available)
V  [jvm.dll+0x3a6746]  (no source info available)
V  [jvm.dll+0x392fce]  (no source info available)
V  [jvm.dll+0x393288]  (no source info available)
V  [jvm.dll+0x369fcc]  (no source info available)
V  [jvm.dll+0x36ac8d]  (no source info available)
V  [jvm.dll+0x94069f]  (no source info available)
V  [jvm.dll+0x4077ad]  (no source info available)
V  [jvm.dll+0x928b1e]  (no source info available)
V  [jvm.dll+0x4a2c4e]  (no source info available)
V  [jvm.dll+0x4a4b81]  (no source info available)
C  [jli.dll+0x52a1]  (no source info available)
C  [ucrtbase.dll+0x21bb2]  (no source info available)
C  [KERNEL32.DLL+0x17344]  (no source info available)
C  [ntdll.dll+0x526b1]  (no source info available)

Lock stack of current Java thread (top to bottom):


---------------  P R O C E S S  ---------------

Threads class SMR info:
_java_thread_list=0x00007ffa2e47bf58, length=0, elements={
}

Java Threads: ( => current thread )
Total: 0

Other Threads:
  0x000001f5a8231700 WorkerThread "GC Thread#0"                     [id=10688, stack(0x000000df70000000,0x000000df70100000) (1024K)]
  0x000001f5a8247b60 ConcurrentGCThread "G1 Main Marker"            [id=1640, stack(0x000000df70500000,0x000000df70600000) (1024K)]
  0x000001f5a8248f50 WorkerThread "G1 Conc#0"                       [id=12524, stack(0x000000df70600000,0x000000df70700000) (1024K)]

[error occurred during error reporting (printing all threads), id 0xc0000005, EXCEPTION_ACCESS_VIOLATION (0xc0000005) at pc=0x00007ffa2daeefaa]
VM state: not at safepoint (not fully initialized)

VM Mutex/Monitor currently owned by a thread:  ([mutex/lock_event])
[0x00007ffa2e5050c8] Heap_lock - owner thread: 0x000001f5a5844aa0

Heap address: 0x0000000083600000, size: 1994 MB, Compressed Oops mode: 32-bit

CDS archive(s) mapped at: [0x0000000000000000-0x0000000000000000-0x0000000000000000), size 0, SharedBaseAddress: 0x0000000800000000, ArchiveRelocationMode: 1.
UseCompressedClassPointers 1, UseCompactObjectHeaders 0
Narrow klass pointer bits 32, Max shift 3
Narrow klass base: 0xffffffffffffffff, Narrow klass shift: -1
Encoding Range: [0xffffffffffffffff - 0x000000007fffffff), (2147483648 bytes)
Klass Range:    [0x0000000000000000 - 0x0000000000000000), (0 bytes)
Klass ID Range:  [4294967295 - 0) (1)

GC Precious Log:
 CardTable entry size: 512
 Card Set container configuration: InlinePtr #cards 5 size 8 Array Of Cards #cards 10 size 36 Howl #buckets 4 coarsen threshold 1843 Howl Bitmap #cards 512 size 80 coarsen threshold 460 Card regions per heap region 1 cards per card region 2048

Heap:
 garbage-first heap   total reserved 2041856K, committed 0K, used 0K [0x0000000083600000, 0x0000000100000000)
  region size 1024K, 0 young (0K), 0 survivors (0K)

[error occurred during error reporting (printing heap information), id 0xc0000005, EXCEPTION_ACCESS_VIOLATION (0xc0000005) at pc=0x00007ffa2df0f8e9]
GC Heap History (0 events):
No events

Dll operation events (1 events):
Event: 0.012 Loaded shared library C:\Program Files\Apache NetBeans\jdk\bin\java.dll

Deoptimization events (0 events):
No events

Classes loaded (0 events):
No events

Classes unloaded (0 events):
No events

Classes redefined (0 events):
No events

Internal exceptions (0 events):
No events

VM Operations (0 events):
No events

Memory protections (0 events):
No events

Nmethod flushes (0 events):
No events

Events (0 events):
No events


Dynamic libraries:
0x00007ff674880000 - 0x00007ff67488e000 	C:\Program Files\Apache NetBeans\jdk\bin\java.exe
0x00007ffaad0d0000 - 0x00007ffaad2c8000 	C:\Windows\SYSTEM32\ntdll.dll
0x00007ffaac930000 - 0x00007ffaac9ed000 	C:\Windows\System32\KERNEL32.DLL
0x00007ffaaaa80000 - 0x00007ffaaad76000 	C:\Windows\System32\KERNELBASE.dll
0x00007ffaaade0000 - 0x00007ffaaaee0000 	C:\Windows\System32\ucrtbase.dll
0x00007ffa9d810000 - 0x00007ffa9d82e000 	C:\Program Files\Apache NetBeans\jdk\bin\VCRUNTIME140.dll
0x00007ffa9cbd0000 - 0x00007ffa9cbe6000 	C:\Program Files\Apache NetBeans\jdk\bin\jli.dll
0x00007ffaac680000 - 0x00007ffaac81e000 	C:\Windows\System32\USER32.dll
0x00007ffaaad80000 - 0x00007ffaaada2000 	C:\Windows\System32\win32u.dll
0x00007ffa99540000 - 0x00007ffa997da000 	C:\Windows\WinSxS\amd64_microsoft.windows.common-controls_6595b64144ccf1df_6.0.19041.3636_none_60b6a03d71f818d5\COMCTL32.dll
0x00007ffaac450000 - 0x00007ffaac47c000 	C:\Windows\System32\GDI32.dll
0x00007ffaac890000 - 0x00007ffaac92e000 	C:\Windows\System32\msvcrt.dll
0x00007ffaaa960000 - 0x00007ffaaaa7a000 	C:\Windows\System32\gdi32full.dll
0x00007ffaaaee0000 - 0x00007ffaaaf7d000 	C:\Windows\System32\msvcp_win.dll
0x00007ffaad060000 - 0x00007ffaad090000 	C:\Windows\System32\IMM32.DLL
0x00007ffaacec0000 - 0x00007ffaacf15000 	C:\Windows\System32\SHLWAPI.dll
0x00007ffa87d80000 - 0x00007ffa87dc9000 	C:\Windows\SYSTEM32\pdh.dll
0x00007ffaab7c0000 - 0x00007ffaab86f000 	C:\Windows\System32\advapi32.dll
0x00007ffaace20000 - 0x00007ffaacebc000 	C:\Windows\System32\sechost.dll
0x00007ffaab510000 - 0x00007ffaab636000 	C:\Windows\System32\RPCRT4.dll
0x00007ffaa12e0000 - 0x00007ffaa12ec000 	C:\Program Files\Apache NetBeans\jdk\bin\vcruntime140_1.dll
0x00007ffa86190000 - 0x00007ffa8621d000 	C:\Program Files\Apache NetBeans\jdk\bin\msvcp140.dll
0x00007ffa2d770000 - 0x00007ffa2e5ec000 	C:\Program Files\Apache NetBeans\jdk\bin\server\jvm.dll
0x00007ffaac480000 - 0x00007ffaac4eb000 	C:\Windows\System32\WS2_32.dll
0x00007ffaaa4f0000 - 0x00007ffaaa53b000 	C:\Windows\SYSTEM32\POWRPROF.dll
0x00007ffa9dc30000 - 0x00007ffa9dc3a000 	C:\Windows\SYSTEM32\VERSION.dll
0x00007ffa9c8e0000 - 0x00007ffa9c907000 	C:\Windows\SYSTEM32\WINMM.dll
0x00007ffaaa4d0000 - 0x00007ffaaa4e2000 	C:\Windows\SYSTEM32\UMPDC.dll
0x00007ffaa9000000 - 0x00007ffaa9012000 	C:\Windows\SYSTEM32\kernel.appcore.dll
0x00007ffa9d800000 - 0x00007ffa9d80a000 	C:\Program Files\Apache NetBeans\jdk\bin\jimage.dll
0x00007ffaa53b0000 - 0x00007ffaa5594000 	C:\Windows\SYSTEM32\DBGHELP.DLL
0x00007ffa8d170000 - 0x00007ffa8d1a4000 	C:\Windows\SYSTEM32\dbgcore.DLL
0x00007ffaaa8d0000 - 0x00007ffaaa952000 	C:\Windows\System32\bcryptPrimitives.dll
0x00007ffa9cea0000 - 0x00007ffa9cebe000 	C:\Program Files\Apache NetBeans\jdk\bin\java.dll
0x00007ffaac4f0000 - 0x00007ffaac61b000 	C:\Windows\System32\ole32.dll
0x00007ffaab1b0000 - 0x00007ffaab504000 	C:\Windows\System32\combase.dll
0x00007ffaab870000 - 0x00007ffaabfb5000 	C:\Windows\System32\SHELL32.dll

JVMTI agents: none

dbghelp: loaded successfully - version: 4.0.5 - missing functions: none
symbol engine: initialized successfully - sym options: 0x614 - pdb path: .;C:\Program Files\Apache NetBeans\jdk\bin;C:\Windows\SYSTEM32;C:\Windows\WinSxS\amd64_microsoft.windows.common-controls_6595b64144ccf1df_6.0.19041.3636_none_60b6a03d71f818d5;C:\Program Files\Apache NetBeans\jdk\bin\server

VM Arguments:
jvm_args: -Dfile.encoding=UTF-8 --module-path=C:\Users\hi\Documents\NetBeansProjects\airlinemanagementsystem\build\classes 
java_command: airlinemanagementsystem.BookFlight
java_class_path (initial): C:\Users\hi\Downloads\mysql-connector-java-8.0.28.jar;C:\Users\hi\Downloads\rs2xml.jar;C:\Users\hi\Documents\NetBeansProjects\airlinemanagementsystem\build\classes
Launcher Type: SUN_STANDARD

[Global flags]
     intx CICompilerCount                          = 4                                         {product} {ergonomic}
     uint ConcGCThreads                            = 2                                         {product} {ergonomic}
     uint G1ConcRefinementThreads                  = 8                                         {product} {ergonomic}
   size_t G1HeapRegionSize                         = 1048576                                   {product} {ergonomic}
   size_t InitialHeapSize                          = 132120576                                 {product} {ergonomic}
   size_t MarkStackSize                            = 4194304                                   {product} {ergonomic}
   size_t MarkStackSizeMax                         = 536870912                                 {product} {ergonomic}
   size_t MaxHeapSize                              = 2090860544                                {product} {ergonomic}
   size_t MinHeapDeltaBytes                        = 1048576                                   {product} {ergonomic}
   size_t MinHeapSize                              = 8388608                                   {product} {ergonomic}
    uintx NonNMethodCodeHeapSize                   = 5832704                                {pd product} {ergonomic}
    uintx NonProfiledCodeHeapSize                  = 122945536                              {pd product} {ergonomic}
    uintx ProfiledCodeHeapSize                     = 122880000                              {pd product} {ergonomic}
    uintx ReservedCodeCacheSize                    = 251658240                              {pd product} {ergonomic}
     bool SegmentedCodeCache                       = true                                      {product} {ergonomic}
   size_t SoftMaxHeapSize                          = 2090860544                             {manageable} {ergonomic}
     bool UseCompressedOops                        = true                           {product lp64_product} {ergonomic}
     bool UseG1GC                                  = true                                      {product} {ergonomic}
     bool UseLargePagesIndividualAllocation        = false                                  {pd product} {ergonomic}

Logging:
Log output configuration:
 #0: stdout all=warning uptime,level,tags foldmultilines=false
 #1: stderr all=off uptime,level,tags foldmultilines=false

Environment Variables:
PATH=C:\Program Files\Common Files\Oracle\Java\javapath;C:\Windows\system32;C:\Windows;C:\Windows\System32\Wbem;C:\Windows\System32\WindowsPowerShell\v1.0\;C:\Windows\System32\OpenSSH\;C:\Program Files\nodejs\;C:\Program Files\Git\cmd;C:\Program Files\MySQL\MySQL Shell 8.0\bin\;C:\Users\hi\AppData\Local\Microsoft\WindowsApps;D:\Microsoft VS Code\bin;C:\Users\hi\AppData\Roaming\npm
USERNAME=hi
OS=Windows_NT
PROCESSOR_IDENTIFIER=Intel64 Family 6 Model 140 Stepping 1, GenuineIntel
TMP=C:\Users\hi\AppData\Local\Temp
TEMP=C:\Users\hi\AppData\Local\Temp




Periodic native trim disabled

---------------  S Y S T E M  ---------------

OS:
 Windows 10 , 64 bit Build 19041 (10.0.19041.3636)
OS uptime: 5 days 5:36 hours

CPU: total 8 (initial active 8) (4 cores per cpu, 2 threads per core) family 6 model 140 stepping 1 microcode 0x8a, cx8, cmov, fxsr, ht, mmx, 3dnowpref, sse, sse2, sse3, ssse3, sse4.1, sse4.2, popcnt, lzcnt, tsc, tscinvbit, avx, avx2, aes, erms, clmul, bmi1, bmi2, adx, avx512f, avx512dq, avx512cd, avx512bw, avx512vl, sha, fma, vzeroupper, avx512_vpopcntdq, avx512_vpclmulqdq, avx512_vaes, avx512_vnni, clflush, clflushopt, clwb, avx512_vbmi2, avx512_vbmi, rdtscp, rdpid, fsrm, gfni, avx512_bitalg, f16c, pku, cet_ibt, cet_ss, avx512_ifma
Processor Information for the first 8 processors :
  Max Mhz: 2419, Current Mhz: 2419, Mhz Limit: 2419

Memory: 4k page, system-wide physical 7971M (337M free)
TotalPageFile size 32547M (AvailPageFile size 111M)
current process WorkingSet (physical memory assigned to process): 12M, peak: 12M
current process commit charge ("private bytes"): 61M, peak: 187M

vm_info: OpenJDK 64-Bit Server VM (24.0.1+9) for windows-amd64 JRE (24.0.1+9) (Zulu24.30+11-CA), built on 2025-03-21T13:52:34Z with MS VC++ 17.1 (VS2022)

END.
